{
  "RSpec": {
    "coverage": {
      "/home/tmt/wta-tennis-app/spec/api/countries/entities/country_spec.rb": {
        "lines": [
          1,
          1,
          null,
          1,
          1,
          null,
          null
        ]
      },
      "/home/tmt/wta-tennis-app/app/api/countries/entities/country.rb": {
        "lines": [
          1,
          1,
          1,
          1,
          null,
          1,
          0,
          null,
          null,
          null,
          null
        ]
      },
      "/home/tmt/wta-tennis-app/spec/models/country_spec.rb": {
        "lines": [
          1,
          1,
          2,
          2,
          2,
          2,
          null,
          null,
          1,
          2,
          null,
          null
        ]
      },
      "/home/tmt/wta-tennis-app/app/models/country.rb": {
        "lines": [
          1,
          1,
          null
        ]
      },
      "/home/tmt/wta-tennis-app/spec/models/season_spec.rb": {
        "lines": [
          1,
          1,
          2,
          2,
          2,
          null,
          null
        ]
      },
      "/home/tmt/wta-tennis-app/app/models/season.rb": {
        "lines": [
          1,
          null
        ]
      },
      "/home/tmt/wta-tennis-app/spec/models/tournament_spec.rb": {
        "lines": [
          1,
          1,
          2,
          2,
          2,
          2,
          2,
          null,
          null,
          1,
          2,
          null,
          null
        ]
      },
      "/home/tmt/wta-tennis-app/app/models/tournament.rb": {
        "lines": [
          1,
          1,
          null
        ]
      }
    },
    "timestamp": 1658049421
  }
}
